cropper/build/intermediates/manifest_merge_blame_file/debug/manifest-merger-blame-debug-report.txt
1<?xml version="1.0" encoding="utf-8"?>
2<manifest xmlns:android="http://schemas.android.com/apk/res/android"
3    package="com.canhub.cropper" >
4
5    <uses-sdk
6        android:minSdkVersion="21"
6-->src/main/AndroidManifest.xml
7        android:targetSdkVersion="30" />
7-->src/main/AndroidManifest.xml
8
9    <queries>
9-->src/main/AndroidManifest.xml:4:5-13:15
10        <intent>
10-->src/main/AndroidManifest.xml:5:9-9:18
11            <action android:name="android.intent.action.GET_CONTENT" />
11-->src/main/AndroidManifest.xml:6:13-72
11-->src/main/AndroidManifest.xml:6:21-69
12
13            <category android:name="android.intent.category.OPENABLE" />
13-->src/main/AndroidManifest.xml:7:13-73
13-->src/main/AndroidManifest.xml:7:23-70
14
15            <data android:mimeType="*/*" />
15-->src/main/AndroidManifest.xml:8:13-44
15-->src/main/AndroidManifest.xml:8:19-41
16        </intent>
17        <intent>
17-->src/main/AndroidManifest.xml:10:9-12:18
18            <action android:name="android.media.action.IMAGE_CAPTURE" />
18-->src/main/AndroidManifest.xml:11:13-73
18-->src/main/AndroidManifest.xml:11:21-70
19        </intent>
20    </queries>
21
22    <application>
22-->src/main/AndroidManifest.xml:14:5-25:19
23        <provider
23-->src/main/AndroidManifest.xml:15:9-23:20
24            android:name="com.canhub.cropper.CropFileProvider"
24-->src/main/AndroidManifest.xml:16:13-45
25            android:authorities="${applicationId}.cropper.fileprovider"
25-->src/main/AndroidManifest.xml:17:13-72
26            android:exported="false"
26-->src/main/AndroidManifest.xml:18:13-37
27            android:grantUriPermissions="true" >
27-->src/main/AndroidManifest.xml:19:13-47
28            <meta-data
28-->src/main/AndroidManifest.xml:20:13-22:62
29                android:name="android.support.FILE_PROVIDER_PATHS"
29-->src/main/AndroidManifest.xml:21:17-67
30                android:resource="@xml/library_file_paths" />
30-->src/main/AndroidManifest.xml:22:17-59
31        </provider>
32
33        <activity android:name="com.canhub.cropper.CropImageActivity" />
33-->src/main/AndroidManifest.xml:24:9-55
33-->src/main/AndroidManifest.xml:24:19-52
34    </application>
35
36</manifest>